<?xml version="1.0" encoding="UTF-8"?>
<!-- Generated by org.testng.reporters.JUnitReportReporter -->
<testsuite hostname="CSPC150" name="testcases.Put_Request_Test" tests="2" failures="0" timestamp="2 Mar 2022 12:12:31 GMT" time="3.729" errors="0">
  <testcase name="testPostData" time="2.575" classname="testcases.Put_Request_Test"/>
  <testcase name="testPostData" time="1.154" classname="testcases.Put_Request_Test"/>
</testsuite> <!-- testcases.Put_Request_Test -->
