<?xml version="1.0" encoding="UTF-8"?>
<!-- Generated by org.testng.reporters.JUnitReportReporter -->
<testsuite hostname="CSPC150" name="testcases.Delete_Request_Test" tests="3" failures="0" timestamp="2 Mar 2022 12:22:21 GMT" time="0.012" errors="0">
  <testcase name="checkResponseTime" time="0.001" classname="testcases.Delete_Request_Test"/>
  <testcase name="checkStatusCode" time="0.001" classname="testcases.Delete_Request_Test"/>
  <testcase name="checkResponseBody" time="0.010" classname="testcases.Delete_Request_Test"/>
</testsuite> <!-- testcases.Delete_Request_Test -->
