<?xml version="1.0" encoding="UTF-8"?>
<!-- Generated by org.testng.reporters.JUnitReportReporter -->
<testsuite hostname="CSPC150" name="testcases.Get_Request_Test" tests="4" failures="0" timestamp="4 Mar 2022 07:00:05 GMT" time="0.033" errors="0">
  <testcase name="checkResponseBody" time="0.020" classname="testcases.Get_Request_Test"/>
  <testcase name="checkResponseTime" time="0.003" classname="testcases.Get_Request_Test"/>
  <testcase name="checkContentType" time="0.006" classname="testcases.Get_Request_Test"/>
  <testcase name="checkStatusCode" time="0.004" classname="testcases.Get_Request_Test"/>
</testsuite> <!-- testcases.Get_Request_Test -->
