<?xml version="1.0" encoding="UTF-8"?>
<!-- Generated by org.testng.reporters.JUnitReportReporter -->
<testsuite hostname="CSPC150" name="testcases.Get_Request_Test_1" tests="3" failures="0" timestamp="1 Mar 2022 13:14:29 GMT" time="0.032" errors="0">
  <testcase name="checkStatusCode" time="0.002" classname="testcases.Get_Request_Test_1"/>
  <testcase name="checkResponseBody" time="0.028" classname="testcases.Get_Request_Test_1"/>
  <testcase name="checkResponseTime" time="0.002" classname="testcases.Get_Request_Test_1"/>
</testsuite> <!-- testcases.Get_Request_Test_1 -->
