<?xml version="1.0" encoding="UTF-8"?>
<!-- Generated by org.testng.reporters.JUnitReportReporter -->
<testsuite hostname="CSPC150" name="testcases.Post_Request_Test" tests="2" failures="0" timestamp="4 Mar 2022 07:46:31 GMT" time="4.118" errors="0">
  <testcase name="testPostData" time="2.809" classname="testcases.Post_Request_Test"/>
  <testcase name="testPostData" time="1.309" classname="testcases.Post_Request_Test"/>
</testsuite> <!-- testcases.Post_Request_Test -->
