<?xml version="1.0" encoding="UTF-8"?>
<!-- Generated by org.testng.reporters.JUnitReportReporter -->
<testsuite skipped="0" hostname="CSPC150" name="test.LoginTest" tests="10" failures="0" timestamp="11 Mar 2022 10:24:12 GMT" time="68.863" errors="0">
  <testcase name="open_the_LoginPage_Url" time="33.204" classname="test.LoginTest"/>
  <testcase name="enter_valid_username_and_invalid_password" time="4.620" classname="test.LoginTest"/>
  <testcase name="enter_invalid_username_and_valid_password" time="4.280" classname="test.LoginTest"/>
  <testcase name="enter_valid_username_and_empty_password" time="4.253" classname="test.LoginTest"/>
  <testcase name="enter_invalid_username_and_empty_password" time="4.248" classname="test.LoginTest"/>
  <testcase name="enter_empty_username_and_valid_password" time="4.291" classname="test.LoginTest"/>
  <testcase name="enter_empty_username_and_invalid_password" time="4.256" classname="test.LoginTest"/>
  <testcase name="enter_empty_username_and_empty_password" time="4.237" classname="test.LoginTest"/>
  <testcase name="enter_invalid_username_and_invalid_password" time="4.225" classname="test.LoginTest"/>
  <testcase name="enter_valid_username_and_valid_password" time="1.249" classname="test.LoginTest"/>
</testsuite> <!-- test.LoginTest -->
